<?xml version="1.0" encoding="UTF-8"?>
<testsuite name="utest" tests="1" skipped="0" failures="1" errors="0" timestamp="2021-10-07T16:54:18" hostname="EQUIPOCARVAJAL" time="48.665">
  <properties/>
  <testcase name="search for automation on the utest page" classname="utest" time="48.665">
    <failure message="cucumber.runtime.CucumberException: Arity mismatch: Step Definition 'co.com.choucair.certification.utest.stepdefinitions.UtestStepDefinitions.VerifyThatThRegistrationHasBeenCorrectly(String) in file:/C:/Users/Felipe/IdeaProjects/co.com.choucair.certification.utest/build/classes/java/test/' with pattern [^verify that the user registration is correct$] is declared with 1 parameters. However, the gherkin step has 0 arguments []. &#10;Step text: verify that the user registration is correct" type="cucumber.runtime.CucumberException">cucumber.runtime.CucumberException: Arity mismatch: Step Definition 'co.com.choucair.certification.utest.stepdefinitions.UtestStepDefinitions.VerifyThatThRegistrationHasBeenCorrectly(String) in file:/C:/Users/Felipe/IdeaProjects/co.com.choucair.certification.utest/build/classes/java/test/' with pattern [^verify that the user registration is correct$] is declared with 1 parameters. However, the gherkin step has 0 arguments []. 
Step text: verify that the user registration is correct
	at cucumber.runtime.StepDefinitionMatch.arityMismatch(StepDefinitionMatch.java:111)
	at cucumber.runtime.StepDefinitionMatch.transformedArgs(StepDefinitionMatch.java:66)
	at cucumber.runtime.StepDefinitionMatch.runStep(StepDefinitionMatch.java:40)
	at cucumber.api.TestStep.executeStep(TestStep.java:102)
	at cucumber.api.TestStep.run(TestStep.java:83)
	at cucumber.api.TestCase.run(TestCase.java:58)
	at cucumber.runner.Runner.runPickle(Runner.java:80)
	at cucumber.runtime.junit.PickleRunners$NoStepDescriptions.run(PickleRunners.java:140)
	at cucumber.runtime.junit.FeatureRunner.runChild(FeatureRunner.java:68)
	at cucumber.runtime.junit.FeatureRunner.runChild(FeatureRunner.java:23)
	at org.junit.runners.ParentRunner$3.run(ParentRunner.java:290)
	at org.junit.runners.ParentRunner$1.schedule(ParentRunner.java:71)
	at org.junit.runners.ParentRunner.runChildren(ParentRunner.java:288)
	at org.junit.runners.ParentRunner.access$000(ParentRunner.java:58)
	at org.junit.runners.ParentRunner$2.evaluate(ParentRunner.java:268)
	at org.junit.runners.ParentRunner.run(ParentRunner.java:363)
	at cucumber.runtime.junit.FeatureRunner.run(FeatureRunner.java:73)
	at cucumber.api.junit.Cucumber.runChild(Cucumber.java:118)
	at cucumber.api.junit.Cucumber.runChild(Cucumber.java:56)
	at org.junit.runners.ParentRunner$3.run(ParentRunner.java:290)
	at org.junit.runners.ParentRunner$1.schedule(ParentRunner.java:71)
	at org.junit.runners.ParentRunner.runChildren(ParentRunner.java:288)
	at org.junit.runners.ParentRunner.access$000(ParentRunner.java:58)
	at org.junit.runners.ParentRunner$2.evaluate(ParentRunner.java:268)
	at cucumber.api.junit.Cucumber$1.evaluate(Cucumber.java:127)
	at org.junit.runners.ParentRunner.run(ParentRunner.java:363)
	at org.gradle.api.internal.tasks.testing.junit.JUnitTestClassExecutor.runTestClass(JUnitTestClassExecutor.java:110)
	at org.gradle.api.internal.tasks.testing.junit.JUnitTestClassExecutor.execute(JUnitTestClassExecutor.java:58)
	at org.gradle.api.internal.tasks.testing.junit.JUnitTestClassExecutor.execute(JUnitTestClassExecutor.java:38)
	at org.gradle.api.internal.tasks.testing.junit.AbstractJUnitTestClassProcessor.processTestClass(AbstractJUnitTestClassProcessor.java:62)
	at org.gradle.api.internal.tasks.testing.SuiteTestClassProcessor.processTestClass(SuiteTestClassProcessor.java:51)
	at sun.reflect.NativeMethodAccessorImpl.invoke0(Native Method)
	at sun.reflect.NativeMethodAccessorImpl.invoke(NativeMethodAccessorImpl.java:62)
	at sun.reflect.DelegatingMethodAccessorImpl.invoke(DelegatingMethodAccessorImpl.java:43)
	at java.lang.reflect.Method.invoke(Method.java:498)
	at org.gradle.internal.dispatch.ReflectionDispatch.dispatch(ReflectionDispatch.java:36)
	at org.gradle.internal.dispatch.ReflectionDispatch.dispatch(ReflectionDispatch.java:24)
	at org.gradle.internal.dispatch.ContextClassLoaderDispatch.dispatch(ContextClassLoaderDispatch.java:33)
	at org.gradle.internal.dispatch.ProxyDispatchAdapter$DispatchingInvocationHandler.invoke(ProxyDispatchAdapter.java:94)
	at com.sun.proxy.$Proxy2.processTestClass(Unknown Source)
	at org.gradle.api.internal.tasks.testing.worker.TestWorker.processTestClass(TestWorker.java:119)
	at sun.reflect.NativeMethodAccessorImpl.invoke0(Native Method)
	at sun.reflect.NativeMethodAccessorImpl.invoke(NativeMethodAccessorImpl.java:62)
	at sun.reflect.DelegatingMethodAccessorImpl.invoke(DelegatingMethodAccessorImpl.java:43)
	at java.lang.reflect.Method.invoke(Method.java:498)
	at org.gradle.internal.dispatch.ReflectionDispatch.dispatch(ReflectionDispatch.java:36)
	at org.gradle.internal.dispatch.ReflectionDispatch.dispatch(ReflectionDispatch.java:24)
	at org.gradle.internal.remote.internal.hub.MessageHubBackedObjectConnection$DispatchWrapper.dispatch(MessageHubBackedObjectConnection.java:182)
	at org.gradle.internal.remote.internal.hub.MessageHubBackedObjectConnection$DispatchWrapper.dispatch(MessageHubBackedObjectConnection.java:164)
	at org.gradle.internal.remote.internal.hub.MessageHub$Handler.run(MessageHub.java:414)
	at org.gradle.internal.concurrent.ExecutorPolicy$CatchAndRecordFailures.onExecute(ExecutorPolicy.java:64)
	at org.gradle.internal.concurrent.ManagedExecutorImpl$1.run(ManagedExecutorImpl.java:48)
	at java.util.concurrent.ThreadPoolExecutor.runWorker(ThreadPoolExecutor.java:1142)
	at java.util.concurrent.ThreadPoolExecutor$Worker.run(ThreadPoolExecutor.java:617)
	at org.gradle.internal.concurrent.ThreadFactoryImpl$ManagedThreadRunnable.run(ThreadFactoryImpl.java:56)
	at java.lang.Thread.run(Thread.java:748)
</failure>
  </testcase>
  <system-out><![CDATA[org.openqa.selenium.ElementClickInterceptedException: element click intercepted: Element <span class="checkmark signup-consent__checkbox" ng-class="{error: userForm.termOfUse.$error.required}" style=""></span> is not clickable at point (768, 596). Other element would receive the click: <iframe title="Desafío de reCAPTCHA" src="https://www.google.com/recaptcha/api2/bframe?hl=es-419&amp;v=qljbK_DTcvY1PzbR7IG69z1r&amp;k=6Lc3i14UAAAAAHVkSmSnecXg9DpfrJ1gYeuOzaCw" name="c-xqa2xtw5ujsj" frameborder="0" scrolling="no" sandbox="allow-forms allow-popups allow-same-origin allow-scripts allow-top-navigation allow-modals allow-popups-to-escape-sandbox" style="width: 400px; height: 580px;"></iframe>
  (Session info: chrome=94.0.4606.71)
Build info: version: '3.141.59', revision: 'e82be7d358', time: '2018-11-14T08:17:03'
System info: host: 'EQUIPOCARVAJAL', ip: '192.168.0.3', os.name: 'Windows 10', os.arch: 'amd64', os.version: '10.0', java.version: '1.8.0_131'
Driver info: org.openqa.selenium.chrome.ChromeDriver
Capabilities {acceptInsecureCerts: false, browserName: chrome, browserVersion: 94.0.4606.71, chrome: {chromedriverVersion: 94.0.4606.41 (333e85df3c9b6..., userDataDir: C:\Users\Felipe\AppData\Loc...}, goog:chromeOptions: {debuggerAddress: localhost:58717}, javascriptEnabled: true, networkConnectionEnabled: false, pageLoadStrategy: normal, platform: WINDOWS, platformName: WINDOWS, proxy: Proxy(), setWindowRect: true, strictFileInteractability: false, timeouts: {implicit: 0, pageLoad: 300000, script: 30000}, unhandledPromptBehavior: dismiss and notify, webauthn:extension:credBlob: true, webauthn:extension:largeBlob: true, webauthn:virtualAuthenticators: true}
Session ID: 7fb78b597bf613b0bb1e69396664a7b9
]]></system-out>
  <system-err><![CDATA[[Test worker] WARN net.thucydides.core.steps.BaseStepListener - stepStarted: net.thucydides.core.steps.ExecutedStepDescription@6f8f8dfd
[Test worker] WARN net.thucydides.core.steps.BaseStepListener - stepStarted: net.thucydides.core.steps.ExecutedStepDescription@674d380
[Test worker] WARN net.thucydides.core.steps.BaseStepListener - stepStarted: net.thucydides.core.steps.ExecutedStepDescription@208b6aeb
oct 07, 2021 11:54:19 AM org.openqa.selenium.remote.DesiredCapabilities chrome
INFORMACIÓN: Using `new ChromeOptions()` is preferred to `DesiredCapabilities.chrome()`
[Test worker] INFO net.serenitybdd.core.webdriver.driverproviders.ProvideNewDriver - Instantiating driver
[Test worker] INFO net.serenitybdd.core.webdriver.driverproviders.ProvideNewDriver - Driver capabilities: Capabilities {acceptInsecureCerts: false, browserName: chrome, chrome.switches: --start-maximized, goog:chromeOptions: {args: [--start-maximized], extensions: []}, loggingPrefs: org.openqa.selenium.logging..., platform: ANY, version: }
Starting ChromeDriver 94.0.4606.41 (333e85df3c9b656b518b5f1add5ff246365b6c24-refs/branch-heads/4606@{#845}) on port 26904
Only local connections are allowed.
Please see https://chromedriver.chromium.org/security-considerations for suggestions on keeping ChromeDriver safe.
ChromeDriver was started successfully.
oct 07, 2021 11:54:23 AM org.openqa.selenium.remote.ProtocolHandshake createSession
INFORMACIÓN: Detected dialect: W3C
[Test worker] WARN net.thucydides.core.steps.BaseStepListener - stepFinished: current outcome:search for automation on the utest page:Example: {strFirstName=Juan, strLastName=Carvajal, strEmail=juancarvajal@gmail.com, strPassword=JuanCarvajal1999*, strPasswordConfirmed=JuanCarvajal1999*} [Given click register [Juan open up [Juan opens the Utest page]]]
[Test worker] WARN net.thucydides.core.steps.BaseStepListener - stepFinished: current outcome:search for automation on the utest page:Example: {strFirstName=Juan, strLastName=Carvajal, strEmail=juancarvajal@gmail.com, strPassword=JuanCarvajal1999*, strPasswordConfirmed=JuanCarvajal1999*} [Given click register [Juan open up [Juan opens the Utest page]]]
[Test worker] WARN net.thucydides.core.steps.BaseStepListener - stepStarted: net.thucydides.core.steps.ExecutedStepDescription@3cb2b846
[Test worker] WARN net.thucydides.core.steps.BaseStepListener - stepStarted: net.thucydides.core.steps.ExecutedStepDescription@79586c53
[Test worker] WARN net.thucydides.core.steps.BaseStepListener - stepFinished: current outcome:search for automation on the utest page:Example: {strFirstName=Juan, strLastName=Carvajal, strEmail=juancarvajal@gmail.com, strPassword=JuanCarvajal1999*, strPasswordConfirmed=JuanCarvajal1999*} [Given click register [Juan open up [Juan opens the Utest page], Juan top page [Juan clicks on Button that is not registered as a user]]]
[Test worker] WARN net.thucydides.core.steps.BaseStepListener - stepFinished: current outcome:search for automation on the utest page:Example: {strFirstName=Juan, strLastName=Carvajal, strEmail=juancarvajal@gmail.com, strPassword=JuanCarvajal1999*, strPasswordConfirmed=JuanCarvajal1999*} [Given click register [Juan open up [Juan opens the Utest page], Juan top page [Juan clicks on Button that is not registered as a user]]]
[Test worker] WARN net.thucydides.core.steps.BaseStepListener - stepFinished: current outcome:search for automation on the utest page:Example: {strFirstName=Juan, strLastName=Carvajal, strEmail=juancarvajal@gmail.com, strPassword=JuanCarvajal1999*, strPasswordConfirmed=JuanCarvajal1999*} [Given click register [Juan open up [Juan opens the Utest page], Juan top page [Juan clicks on Button that is not registered as a user]]]
[Test worker] WARN net.thucydides.core.steps.BaseStepListener - stepStarted: net.thucydides.core.steps.ExecutedStepDescription@4391fd3c
[Test worker] WARN net.thucydides.core.steps.BaseStepListener - stepStarted: net.thucydides.core.steps.ExecutedStepDescription@3e17d8d0
[Test worker] WARN net.thucydides.core.steps.BaseStepListener - stepStarted: net.thucydides.core.steps.ExecutedStepDescription@674832ca
[Test worker] WARN net.thucydides.core.steps.BaseStepListener - stepFinished: current outcome:search for automation on the utest page:Example: {strFirstName=Juan, strLastName=Carvajal, strEmail=juancarvajal@gmail.com, strPassword=JuanCarvajal1999*, strPasswordConfirmed=JuanCarvajal1999*} [Given click register [Juan open up [Juan opens the Utest page], Juan top page [Juan clicks on Button that is not registered as a user]], When record of each steps
| strFirstName | strLastName | strEmail | strPassword | strPasswordConfirmed |
| Juan | Carvajal | juancarvajal@gmail.com | JuanCarvajal1999* | JuanCarvajal1999* | [Juan step firts [Juan enters 'Juan' into Name field]]]
[Test worker] WARN net.thucydides.core.steps.BaseStepListener - stepStarted: net.thucydides.core.steps.ExecutedStepDescription@2adda749
[Test worker] WARN net.thucydides.core.steps.BaseStepListener - stepFinished: current outcome:search for automation on the utest page:Example: {strFirstName=Juan, strLastName=Carvajal, strEmail=juancarvajal@gmail.com, strPassword=JuanCarvajal1999*, strPasswordConfirmed=JuanCarvajal1999*} [Given click register [Juan open up [Juan opens the Utest page], Juan top page [Juan clicks on Button that is not registered as a user]], When record of each steps
| strFirstName | strLastName | strEmail | strPassword | strPasswordConfirmed |
| Juan | Carvajal | juancarvajal@gmail.com | JuanCarvajal1999* | JuanCarvajal1999* | [Juan step firts [Juan enters 'Juan' into Name field, Juan enters 'Carvajal' into field password]]]
[Test worker] WARN net.thucydides.core.steps.BaseStepListener - stepStarted: net.thucydides.core.steps.ExecutedStepDescription@72f0f7ca
[Test worker] WARN net.thucydides.core.steps.BaseStepListener - stepFinished: current outcome:search for automation on the utest page:Example: {strFirstName=Juan, strLastName=Carvajal, strEmail=juancarvajal@gmail.com, strPassword=JuanCarvajal1999*, strPasswordConfirmed=JuanCarvajal1999*} [Given click register [Juan open up [Juan opens the Utest page], Juan top page [Juan clicks on Button that is not registered as a user]], When record of each steps
| strFirstName | strLastName | strEmail | strPassword | strPasswordConfirmed |
| Juan | Carvajal | juancarvajal@gmail.com | JuanCarvajal1999* | JuanCarvajal1999* | [Juan step firts [Juan enters 'Juan' into Name field, Juan enters 'Carvajal' into field password, Juan enters 'juancarvajal@gmail.com' into field password]]]
[Test worker] WARN net.thucydides.core.steps.BaseStepListener - stepStarted: net.thucydides.core.steps.ExecutedStepDescription@3f64c35e
[Test worker] WARN net.thucydides.core.steps.BaseStepListener - stepFinished: current outcome:search for automation on the utest page:Example: {strFirstName=Juan, strLastName=Carvajal, strEmail=juancarvajal@gmail.com, strPassword=JuanCarvajal1999*, strPasswordConfirmed=JuanCarvajal1999*} [Given click register [Juan open up [Juan opens the Utest page], Juan top page [Juan clicks on Button that is not registered as a user]], When record of each steps
| strFirstName | strLastName | strEmail | strPassword | strPasswordConfirmed |
| Juan | Carvajal | juancarvajal@gmail.com | JuanCarvajal1999* | JuanCarvajal1999* | [Juan step firts [Juan enters 'Juan' into Name field, Juan enters 'Carvajal' into field password, Juan enters 'juancarvajal@gmail.com' into field password, Juan clicks on Date Month]]]
[Test worker] WARN net.thucydides.core.steps.BaseStepListener - stepStarted: net.thucydides.core.steps.ExecutedStepDescription@26ba1b11
[Test worker] WARN net.thucydides.core.steps.BaseStepListener - stepFinished: current outcome:search for automation on the utest page:Example: {strFirstName=Juan, strLastName=Carvajal, strEmail=juancarvajal@gmail.com, strPassword=JuanCarvajal1999*, strPasswordConfirmed=JuanCarvajal1999*} [Given click register [Juan open up [Juan opens the Utest page], Juan top page [Juan clicks on Button that is not registered as a user]], When record of each steps
| strFirstName | strLastName | strEmail | strPassword | strPasswordConfirmed |
| Juan | Carvajal | juancarvajal@gmail.com | JuanCarvajal1999* | JuanCarvajal1999* | [Juan step firts [Juan enters 'Juan' into Name field, Juan enters 'Carvajal' into field password, Juan enters 'juancarvajal@gmail.com' into field password, Juan clicks on Date Month, Juan clicks on Date Day]]]
[Test worker] WARN net.thucydides.core.steps.BaseStepListener - stepStarted: net.thucydides.core.steps.ExecutedStepDescription@6df5ef6f
[Test worker] WARN net.thucydides.core.steps.BaseStepListener - stepFinished: current outcome:search for automation on the utest page:Example: {strFirstName=Juan, strLastName=Carvajal, strEmail=juancarvajal@gmail.com, strPassword=JuanCarvajal1999*, strPasswordConfirmed=JuanCarvajal1999*} [Given click register [Juan open up [Juan opens the Utest page], Juan top page [Juan clicks on Button that is not registered as a user]], When record of each steps
| strFirstName | strLastName | strEmail | strPassword | strPasswordConfirmed |
| Juan | Carvajal | juancarvajal@gmail.com | JuanCarvajal1999* | JuanCarvajal1999* | [Juan step firts [Juan enters 'Juan' into Name field, Juan enters 'Carvajal' into field password, Juan enters 'juancarvajal@gmail.com' into field password, Juan clicks on Date Month, Juan clicks on Date Day, Juan clicks on Date year]]]
[Test worker] WARN net.thucydides.core.steps.BaseStepListener - stepStarted: net.thucydides.core.steps.ExecutedStepDescription@7eb5d9c2
[Test worker] WARN net.thucydides.core.steps.BaseStepListener - stepFinished: current outcome:search for automation on the utest page:Example: {strFirstName=Juan, strLastName=Carvajal, strEmail=juancarvajal@gmail.com, strPassword=JuanCarvajal1999*, strPasswordConfirmed=JuanCarvajal1999*} [Given click register [Juan open up [Juan opens the Utest page], Juan top page [Juan clicks on Button that is not registered as a user]], When record of each steps
| strFirstName | strLastName | strEmail | strPassword | strPasswordConfirmed |
| Juan | Carvajal | juancarvajal@gmail.com | JuanCarvajal1999* | JuanCarvajal1999* | [Juan step firts [Juan enters 'Juan' into Name field, Juan enters 'Carvajal' into field password, Juan enters 'juancarvajal@gmail.com' into field password, Juan clicks on Date Month, Juan clicks on Date Day, Juan clicks on Date year, Juan clicks on Next Button]]]
[Test worker] WARN net.thucydides.core.steps.BaseStepListener - stepFinished: current outcome:search for automation on the utest page:Example: {strFirstName=Juan, strLastName=Carvajal, strEmail=juancarvajal@gmail.com, strPassword=JuanCarvajal1999*, strPasswordConfirmed=JuanCarvajal1999*} [Given click register [Juan open up [Juan opens the Utest page], Juan top page [Juan clicks on Button that is not registered as a user]], When record of each steps
| strFirstName | strLastName | strEmail | strPassword | strPasswordConfirmed |
| Juan | Carvajal | juancarvajal@gmail.com | JuanCarvajal1999* | JuanCarvajal1999* | [Juan step firts [Juan enters 'Juan' into Name field, Juan enters 'Carvajal' into field password, Juan enters 'juancarvajal@gmail.com' into field password, Juan clicks on Date Month, Juan clicks on Date Day, Juan clicks on Date year, Juan clicks on Next Button]]]
[Test worker] WARN net.thucydides.core.steps.BaseStepListener - stepStarted: net.thucydides.core.steps.ExecutedStepDescription@5de8216d
[Test worker] WARN net.thucydides.core.steps.BaseStepListener - stepStarted: net.thucydides.core.steps.ExecutedStepDescription@67c8109c
[Test worker] WARN net.thucydides.core.steps.BaseStepListener - stepFinished: current outcome:search for automation on the utest page:Example: {strFirstName=Juan, strLastName=Carvajal, strEmail=juancarvajal@gmail.com, strPassword=JuanCarvajal1999*, strPasswordConfirmed=JuanCarvajal1999*} [Given click register [Juan open up [Juan opens the Utest page], Juan top page [Juan clicks on Button that is not registered as a user]], When record of each steps
| strFirstName | strLastName | strEmail | strPassword | strPasswordConfirmed |
| Juan | Carvajal | juancarvajal@gmail.com | JuanCarvajal1999* | JuanCarvajal1999* | [Juan step firts [Juan enters 'Juan' into Name field, Juan enters 'Carvajal' into field password, Juan enters 'juancarvajal@gmail.com' into field password, Juan clicks on Date Month, Juan clicks on Date Day, Juan clicks on Date year, Juan clicks on Next Button], Juan step second [Juan clicks on button that shows us the form to register as a user]]]
[Test worker] WARN net.thucydides.core.steps.BaseStepListener - stepFinished: current outcome:search for automation on the utest page:Example: {strFirstName=Juan, strLastName=Carvajal, strEmail=juancarvajal@gmail.com, strPassword=JuanCarvajal1999*, strPasswordConfirmed=JuanCarvajal1999*} [Given click register [Juan open up [Juan opens the Utest page], Juan top page [Juan clicks on Button that is not registered as a user]], When record of each steps
| strFirstName | strLastName | strEmail | strPassword | strPasswordConfirmed |
| Juan | Carvajal | juancarvajal@gmail.com | JuanCarvajal1999* | JuanCarvajal1999* | [Juan step firts [Juan enters 'Juan' into Name field, Juan enters 'Carvajal' into field password, Juan enters 'juancarvajal@gmail.com' into field password, Juan clicks on Date Month, Juan clicks on Date Day, Juan clicks on Date year, Juan clicks on Next Button], Juan step second [Juan clicks on button that shows us the form to register as a user]]]
[Test worker] WARN net.thucydides.core.steps.BaseStepListener - stepStarted: net.thucydides.core.steps.ExecutedStepDescription@9aa4aa
[Test worker] WARN net.thucydides.core.steps.BaseStepListener - stepStarted: net.thucydides.core.steps.ExecutedStepDescription@3a80fca1
[Test worker] WARN net.thucydides.core.steps.BaseStepListener - stepFinished: current outcome:search for automation on the utest page:Example: {strFirstName=Juan, strLastName=Carvajal, strEmail=juancarvajal@gmail.com, strPassword=JuanCarvajal1999*, strPasswordConfirmed=JuanCarvajal1999*} [Given click register [Juan open up [Juan opens the Utest page], Juan top page [Juan clicks on Button that is not registered as a user]], When record of each steps
| strFirstName | strLastName | strEmail | strPassword | strPasswordConfirmed |
| Juan | Carvajal | juancarvajal@gmail.com | JuanCarvajal1999* | JuanCarvajal1999* | [Juan step firts [Juan enters 'Juan' into Name field, Juan enters 'Carvajal' into field password, Juan enters 'juancarvajal@gmail.com' into field password, Juan clicks on Date Month, Juan clicks on Date Day, Juan clicks on Date year, Juan clicks on Next Button], Juan step second [Juan clicks on button that shows us the form to register as a user], Juan step third [Juan clicks on button that shows us the form to register as a user]]]
[Test worker] WARN net.thucydides.core.steps.BaseStepListener - stepStarted: net.thucydides.core.steps.ExecutedStepDescription@5a00a548
[Test worker] WARN net.thucydides.core.steps.BaseStepListener - stepFinished: current outcome:search for automation on the utest page:Example: {strFirstName=Juan, strLastName=Carvajal, strEmail=juancarvajal@gmail.com, strPassword=JuanCarvajal1999*, strPasswordConfirmed=JuanCarvajal1999*} [Given click register [Juan open up [Juan opens the Utest page], Juan top page [Juan clicks on Button that is not registered as a user]], When record of each steps
| strFirstName | strLastName | strEmail | strPassword | strPasswordConfirmed |
| Juan | Carvajal | juancarvajal@gmail.com | JuanCarvajal1999* | JuanCarvajal1999* | [Juan step firts [Juan enters 'Juan' into Name field, Juan enters 'Carvajal' into field password, Juan enters 'juancarvajal@gmail.com' into field password, Juan clicks on Date Month, Juan clicks on Date Day, Juan clicks on Date year, Juan clicks on Next Button], Juan step second [Juan clicks on button that shows us the form to register as a user], Juan step third [Juan clicks on button that shows us the form to register as a user, Juan clicks on button that shows us the form to register as a user]]]
[Test worker] WARN net.thucydides.core.steps.BaseStepListener - stepFinished: current outcome:search for automation on the utest page:Example: {strFirstName=Juan, strLastName=Carvajal, strEmail=juancarvajal@gmail.com, strPassword=JuanCarvajal1999*, strPasswordConfirmed=JuanCarvajal1999*} [Given click register [Juan open up [Juan opens the Utest page], Juan top page [Juan clicks on Button that is not registered as a user]], When record of each steps
| strFirstName | strLastName | strEmail | strPassword | strPasswordConfirmed |
| Juan | Carvajal | juancarvajal@gmail.com | JuanCarvajal1999* | JuanCarvajal1999* | [Juan step firts [Juan enters 'Juan' into Name field, Juan enters 'Carvajal' into field password, Juan enters 'juancarvajal@gmail.com' into field password, Juan clicks on Date Month, Juan clicks on Date Day, Juan clicks on Date year, Juan clicks on Next Button], Juan step second [Juan clicks on button that shows us the form to register as a user], Juan step third [Juan clicks on button that shows us the form to register as a user, Juan clicks on button that shows us the form to register as a user]]]
[Test worker] WARN net.thucydides.core.steps.BaseStepListener - stepStarted: net.thucydides.core.steps.ExecutedStepDescription@27eb7c10
[Test worker] WARN net.thucydides.core.steps.BaseStepListener - stepStarted: net.thucydides.core.steps.ExecutedStepDescription@67c00b62
[Test worker] WARN net.thucydides.core.steps.BaseStepListener - stepFinished: current outcome:search for automation on the utest page:Example: {strFirstName=Juan, strLastName=Carvajal, strEmail=juancarvajal@gmail.com, strPassword=JuanCarvajal1999*, strPasswordConfirmed=JuanCarvajal1999*} [Given click register [Juan open up [Juan opens the Utest page], Juan top page [Juan clicks on Button that is not registered as a user]], When record of each steps
| strFirstName | strLastName | strEmail | strPassword | strPasswordConfirmed |
| Juan | Carvajal | juancarvajal@gmail.com | JuanCarvajal1999* | JuanCarvajal1999* | [Juan step firts [Juan enters 'Juan' into Name field, Juan enters 'Carvajal' into field password, Juan enters 'juancarvajal@gmail.com' into field password, Juan clicks on Date Month, Juan clicks on Date Day, Juan clicks on Date year, Juan clicks on Next Button], Juan step second [Juan clicks on button that shows us the form to register as a user], Juan step third [Juan clicks on button that shows us the form to register as a user, Juan clicks on button that shows us the form to register as a user], Juan step fourth [Juan enters 'JuanCarvajal1999*' into where do we write the user]]]
[Test worker] WARN net.thucydides.core.steps.BaseStepListener - stepStarted: net.thucydides.core.steps.ExecutedStepDescription@288f7b7e
[Test worker] WARN net.thucydides.core.steps.BaseStepListener - stepFinished: current outcome:search for automation on the utest page:Example: {strFirstName=Juan, strLastName=Carvajal, strEmail=juancarvajal@gmail.com, strPassword=JuanCarvajal1999*, strPasswordConfirmed=JuanCarvajal1999*} [Given click register [Juan open up [Juan opens the Utest page], Juan top page [Juan clicks on Button that is not registered as a user]], When record of each steps
| strFirstName | strLastName | strEmail | strPassword | strPasswordConfirmed |
| Juan | Carvajal | juancarvajal@gmail.com | JuanCarvajal1999* | JuanCarvajal1999* | [Juan step firts [Juan enters 'Juan' into Name field, Juan enters 'Carvajal' into field password, Juan enters 'juancarvajal@gmail.com' into field password, Juan clicks on Date Month, Juan clicks on Date Day, Juan clicks on Date year, Juan clicks on Next Button], Juan step second [Juan clicks on button that shows us the form to register as a user], Juan step third [Juan clicks on button that shows us the form to register as a user, Juan clicks on button that shows us the form to register as a user], Juan step fourth [Juan enters 'JuanCarvajal1999*' into where do we write the user, Juan enters 'JuanCarvajal1999*' into where do we write the password]]]
[Test worker] WARN net.thucydides.core.steps.BaseStepListener - stepStarted: net.thucydides.core.steps.ExecutedStepDescription@6b6ef46b
[Test worker] WARN net.thucydides.core.steps.BaseStepListener - stepFinished: current outcome:search for automation on the utest page:Example: {strFirstName=Juan, strLastName=Carvajal, strEmail=juancarvajal@gmail.com, strPassword=JuanCarvajal1999*, strPasswordConfirmed=JuanCarvajal1999*} [Given click register [Juan open up [Juan opens the Utest page], Juan top page [Juan clicks on Button that is not registered as a user]], When record of each steps
| strFirstName | strLastName | strEmail | strPassword | strPasswordConfirmed |
| Juan | Carvajal | juancarvajal@gmail.com | JuanCarvajal1999* | JuanCarvajal1999* | [Juan step firts [Juan enters 'Juan' into Name field, Juan enters 'Carvajal' into field password, Juan enters 'juancarvajal@gmail.com' into field password, Juan clicks on Date Month, Juan clicks on Date Day, Juan clicks on Date year, Juan clicks on Next Button], Juan step second [Juan clicks on button that shows us the form to register as a user], Juan step third [Juan clicks on button that shows us the form to register as a user, Juan clicks on button that shows us the form to register as a user], Juan step fourth [Juan enters 'JuanCarvajal1999*' into where do we write the user, Juan enters 'JuanCarvajal1999*' into where do we write the password, Juan clicks on where do we write the password]]]
[Test worker] WARN net.thucydides.core.steps.BaseStepListener - stepStarted: net.thucydides.core.steps.ExecutedStepDescription@6ff62e7d
[Test worker] WARN net.thucydides.core.steps.BaseStepListener - stepFinished: current outcome:search for automation on the utest page:Example: {strFirstName=Juan, strLastName=Carvajal, strEmail=juancarvajal@gmail.com, strPassword=JuanCarvajal1999*, strPasswordConfirmed=JuanCarvajal1999*} [Given click register [Juan open up [Juan opens the Utest page], Juan top page [Juan clicks on Button that is not registered as a user]], When record of each steps
| strFirstName | strLastName | strEmail | strPassword | strPasswordConfirmed |
| Juan | Carvajal | juancarvajal@gmail.com | JuanCarvajal1999* | JuanCarvajal1999* | [Juan step firts [Juan enters 'Juan' into Name field, Juan enters 'Carvajal' into field password, Juan enters 'juancarvajal@gmail.com' into field password, Juan clicks on Date Month, Juan clicks on Date Day, Juan clicks on Date year, Juan clicks on Next Button], Juan step second [Juan clicks on button that shows us the form to register as a user], Juan step third [Juan clicks on button that shows us the form to register as a user, Juan clicks on button that shows us the form to register as a user], Juan step fourth [Juan enters 'JuanCarvajal1999*' into where do we write the user, Juan enters 'JuanCarvajal1999*' into where do we write the password, Juan clicks on where do we write the password, Juan clicks on where do we write the password]]]
[Test worker] WARN net.thucydides.core.steps.BaseStepListener - stepStarted: net.thucydides.core.steps.ExecutedStepDescription@854a222
[Test worker] WARN net.thucydides.core.steps.BaseStepListener - stepFinished: current outcome:search for automation on the utest page:Example: {strFirstName=Juan, strLastName=Carvajal, strEmail=juancarvajal@gmail.com, strPassword=JuanCarvajal1999*, strPasswordConfirmed=JuanCarvajal1999*} [Given click register [Juan open up [Juan opens the Utest page], Juan top page [Juan clicks on Button that is not registered as a user]], When record of each steps
| strFirstName | strLastName | strEmail | strPassword | strPasswordConfirmed |
| Juan | Carvajal | juancarvajal@gmail.com | JuanCarvajal1999* | JuanCarvajal1999* | [Juan step firts [Juan enters 'Juan' into Name field, Juan enters 'Carvajal' into field password, Juan enters 'juancarvajal@gmail.com' into field password, Juan clicks on Date Month, Juan clicks on Date Day, Juan clicks on Date year, Juan clicks on Next Button], Juan step second [Juan clicks on button that shows us the form to register as a user], Juan step third [Juan clicks on button that shows us the form to register as a user, Juan clicks on button that shows us the form to register as a user], Juan step fourth [Juan enters 'JuanCarvajal1999*' into where do we write the user, Juan enters 'JuanCarvajal1999*' into where do we write the password, Juan clicks on where do we write the password, Juan clicks on where do we write the password, Juan clicks on where do we write the password]]]
[Test worker] WARN net.thucydides.core.steps.BaseStepListener - stepStarted: net.thucydides.core.steps.ExecutedStepDescription@6e14236f
[Test worker] WARN net.thucydides.core.steps.BaseStepListener - stepFinished: current outcome:search for automation on the utest page:Example: {strFirstName=Juan, strLastName=Carvajal, strEmail=juancarvajal@gmail.com, strPassword=JuanCarvajal1999*, strPasswordConfirmed=JuanCarvajal1999*} [Given click register [Juan open up [Juan opens the Utest page], Juan top page [Juan clicks on Button that is not registered as a user]], When record of each steps
| strFirstName | strLastName | strEmail | strPassword | strPasswordConfirmed |
| Juan | Carvajal | juancarvajal@gmail.com | JuanCarvajal1999* | JuanCarvajal1999* | [Juan step firts [Juan enters 'Juan' into Name field, Juan enters 'Carvajal' into field password, Juan enters 'juancarvajal@gmail.com' into field password, Juan clicks on Date Month, Juan clicks on Date Day, Juan clicks on Date year, Juan clicks on Next Button], Juan step second [Juan clicks on button that shows us the form to register as a user], Juan step third [Juan clicks on button that shows us the form to register as a user, Juan clicks on button that shows us the form to register as a user], Juan step fourth [Juan enters 'JuanCarvajal1999*' into where do we write the user, Juan enters 'JuanCarvajal1999*' into where do we write the password, Juan clicks on where do we write the password, Juan clicks on where do we write the password, Juan clicks on where do we write the password, Juan enters 'JuanCarvajal1999*' into where do we write the user]]]
[Test worker] WARN net.thucydides.core.steps.BaseStepListener - stepStarted: net.thucydides.core.steps.ExecutedStepDescription@3df8ab50
[Test worker] WARN net.thucydides.core.steps.BaseStepListener - stepFinished: current outcome:search for automation on the utest page:Example: {strFirstName=Juan, strLastName=Carvajal, strEmail=juancarvajal@gmail.com, strPassword=JuanCarvajal1999*, strPasswordConfirmed=JuanCarvajal1999*} [Given click register [Juan open up [Juan opens the Utest page], Juan top page [Juan clicks on Button that is not registered as a user]], When record of each steps
| strFirstName | strLastName | strEmail | strPassword | strPasswordConfirmed |
| Juan | Carvajal | juancarvajal@gmail.com | JuanCarvajal1999* | JuanCarvajal1999* | [Juan step firts [Juan enters 'Juan' into Name field, Juan enters 'Carvajal' into field password, Juan enters 'juancarvajal@gmail.com' into field password, Juan clicks on Date Month, Juan clicks on Date Day, Juan clicks on Date year, Juan clicks on Next Button], Juan step second [Juan clicks on button that shows us the form to register as a user], Juan step third [Juan clicks on button that shows us the form to register as a user, Juan clicks on button that shows us the form to register as a user], Juan step fourth [Juan enters 'JuanCarvajal1999*' into where do we write the user, Juan enters 'JuanCarvajal1999*' into where do we write the password, Juan clicks on where do we write the password, Juan clicks on where do we write the password, Juan clicks on where do we write the password, Juan enters 'JuanCarvajal1999*' into where do we write the user, Juan enters 'JuanCarvajal1999*' into where do we write the password]]]
[Test worker] WARN net.thucydides.core.steps.BaseStepListener - stepStarted: net.thucydides.core.steps.ExecutedStepDescription@5ba61430
[Test worker] WARN net.thucydides.core.steps.BaseStepListener - stepFinished: current outcome:search for automation on the utest page:Example: {strFirstName=Juan, strLastName=Carvajal, strEmail=juancarvajal@gmail.com, strPassword=JuanCarvajal1999*, strPasswordConfirmed=JuanCarvajal1999*} [Given click register [Juan open up [Juan opens the Utest page], Juan top page [Juan clicks on Button that is not registered as a user]], When record of each steps
| strFirstName | strLastName | strEmail | strPassword | strPasswordConfirmed |
| Juan | Carvajal | juancarvajal@gmail.com | JuanCarvajal1999* | JuanCarvajal1999* | [Juan step firts [Juan enters 'Juan' into Name field, Juan enters 'Carvajal' into field password, Juan enters 'juancarvajal@gmail.com' into field password, Juan clicks on Date Month, Juan clicks on Date Day, Juan clicks on Date year, Juan clicks on Next Button], Juan step second [Juan clicks on button that shows us the form to register as a user], Juan step third [Juan clicks on button that shows us the form to register as a user, Juan clicks on button that shows us the form to register as a user], Juan step fourth [Juan enters 'JuanCarvajal1999*' into where do we write the user, Juan enters 'JuanCarvajal1999*' into where do we write the password, Juan clicks on where do we write the password, Juan clicks on where do we write the password, Juan clicks on where do we write the password, Juan enters 'JuanCarvajal1999*' into where do we write the user, Juan enters 'JuanCarvajal1999*' into where do we write the password, Juan clicks on where do we write the password]]]
[Test worker] WARN net.thucydides.core.steps.BaseStepListener - stepFinished: current outcome:search for automation on the utest page:Example: {strFirstName=Juan, strLastName=Carvajal, strEmail=juancarvajal@gmail.com, strPassword=JuanCarvajal1999*, strPasswordConfirmed=JuanCarvajal1999*} [Given click register [Juan open up [Juan opens the Utest page], Juan top page [Juan clicks on Button that is not registered as a user]], When record of each steps
| strFirstName | strLastName | strEmail | strPassword | strPasswordConfirmed |
| Juan | Carvajal | juancarvajal@gmail.com | JuanCarvajal1999* | JuanCarvajal1999* | [Juan step firts [Juan enters 'Juan' into Name field, Juan enters 'Carvajal' into field password, Juan enters 'juancarvajal@gmail.com' into field password, Juan clicks on Date Month, Juan clicks on Date Day, Juan clicks on Date year, Juan clicks on Next Button], Juan step second [Juan clicks on button that shows us the form to register as a user], Juan step third [Juan clicks on button that shows us the form to register as a user, Juan clicks on button that shows us the form to register as a user], Juan step fourth [Juan enters 'JuanCarvajal1999*' into where do we write the user, Juan enters 'JuanCarvajal1999*' into where do we write the password, Juan clicks on where do we write the password, Juan clicks on where do we write the password, Juan clicks on where do we write the password, Juan enters 'JuanCarvajal1999*' into where do we write the user, Juan enters 'JuanCarvajal1999*' into where do we write the password, Juan clicks on where do we write the password]]]
[Test worker] WARN net.thucydides.core.steps.BaseStepListener - stepStarted: net.thucydides.core.steps.ExecutedStepDescription@6c76dcde
[Test worker] WARN net.thucydides.core.steps.BaseStepListener - testFinished: search for automation on the utest page:Example: {strFirstName=Juan, strLastName=Carvajal, strEmail=juancarvajal@gmail.com, strPassword=JuanCarvajal1999*, strPasswordConfirmed=JuanCarvajal1999*} [Given click register [Juan open up [Juan opens the Utest page], Juan top page [Juan clicks on Button that is not registered as a user]], When record of each steps
| strFirstName | strLastName | strEmail | strPassword | strPasswordConfirmed |
| Juan | Carvajal | juancarvajal@gmail.com | JuanCarvajal1999* | JuanCarvajal1999* | [Juan step firts [Juan enters 'Juan' into Name field, Juan enters 'Carvajal' into field password, Juan enters 'juancarvajal@gmail.com' into field password, Juan clicks on Date Month, Juan clicks on Date Day, Juan clicks on Date year, Juan clicks on Next Button], Juan step second [Juan clicks on button that shows us the form to register as a user], Juan step third [Juan clicks on button that shows us the form to register as a user, Juan clicks on button that shows us the form to register as a user], Juan step fourth [Juan enters 'JuanCarvajal1999*' into where do we write the user, Juan enters 'JuanCarvajal1999*' into where do we write the password, Juan clicks on where do we write the password, Juan clicks on where do we write the password, Juan clicks on where do we write the password, Juan enters 'JuanCarvajal1999*' into where do we write the user, Juan enters 'JuanCarvajal1999*' into where do we write the password, Juan clicks on where do we write the password]]], Then verify that the user registration is correct
[Test worker] WARN net.thucydides.core.steps.BaseStepListener - TestOutcomes: [search for automation on the utest page:Example: {strFirstName=Juan, strLastName=Carvajal, strEmail=juancarvajal@gmail.com, strPassword=JuanCarvajal1999*, strPasswordConfirmed=JuanCarvajal1999*} [Given click register [Juan open up [Juan opens the Utest page], Juan top page [Juan clicks on Button that is not registered as a user]], When record of each steps
| strFirstName | strLastName | strEmail | strPassword | strPasswordConfirmed |
| Juan | Carvajal | juancarvajal@gmail.com | JuanCarvajal1999* | JuanCarvajal1999* | [Juan step firts [Juan enters 'Juan' into Name field, Juan enters 'Carvajal' into field password, Juan enters 'juancarvajal@gmail.com' into field password, Juan clicks on Date Month, Juan clicks on Date Day, Juan clicks on Date year, Juan clicks on Next Button], Juan step second [Juan clicks on button that shows us the form to register as a user], Juan step third [Juan clicks on button that shows us the form to register as a user, Juan clicks on button that shows us the form to register as a user], Juan step fourth [Juan enters 'JuanCarvajal1999*' into where do we write the user, Juan enters 'JuanCarvajal1999*' into where do we write the password, Juan clicks on where do we write the password, Juan clicks on where do we write the password, Juan clicks on where do we write the password, Juan enters 'JuanCarvajal1999*' into where do we write the user, Juan enters 'JuanCarvajal1999*' into where do we write the password, Juan clicks on where do we write the password]]], Then verify that the user registration is correct]
[Test worker] WARN net.thucydides.core.steps.BaseStepListener - Final testOutcomes: [search for automation on the utest page:Example: {strFirstName=Juan, strLastName=Carvajal, strEmail=juancarvajal@gmail.com, strPassword=JuanCarvajal1999*, strPasswordConfirmed=JuanCarvajal1999*} [Given click register [Juan open up [Juan opens the Utest page], Juan top page [Juan clicks on Button that is not registered as a user]], When record of each steps
| strFirstName | strLastName | strEmail | strPassword | strPasswordConfirmed |
| Juan | Carvajal | juancarvajal@gmail.com | JuanCarvajal1999* | JuanCarvajal1999* | [Juan step firts [Juan enters 'Juan' into Name field, Juan enters 'Carvajal' into field password, Juan enters 'juancarvajal@gmail.com' into field password, Juan clicks on Date Month, Juan clicks on Date Day, Juan clicks on Date year, Juan clicks on Next Button], Juan step second [Juan clicks on button that shows us the form to register as a user], Juan step third [Juan clicks on button that shows us the form to register as a user, Juan clicks on button that shows us the form to register as a user], Juan step fourth [Juan enters 'JuanCarvajal1999*' into where do we write the user, Juan enters 'JuanCarvajal1999*' into where do we write the password, Juan clicks on where do we write the password, Juan clicks on where do we write the password, Juan clicks on where do we write the password, Juan enters 'JuanCarvajal1999*' into where do we write the user, Juan enters 'JuanCarvajal1999*' into where do we write the password, Juan clicks on where do we write the password]]], Then verify that the user registration is correct]
[Test worker] ERROR net.thucydides.core.steps.ConsoleLoggingListener - 
           __  _____ _____ ____ _____   _____ _    ___ _     _____ ____  
  _       / / |_   _| ____/ ___|_   _| |  ___/ \  |_ _| |   | ____|  _ \ 
 (_)_____| |    | | |  _| \___ \ | |   | |_ / _ \  | || |   |  _| | | | |
  _|_____| |    | | | |___ ___) || |   |  _/ ___ \ | || |___| |___| |_| |
 (_)     | |    |_| |_____|____/ |_|   |_|/_/   \_\___|_____|_____|____/ 
          \_\                                                            

TEST FAILED WITH ERROR: search for automation on the utest page
---------------------------------------------------------------------
[Test worker] ERROR net.thucydides.core.steps.ConsoleLoggingListener - TEST FAILED AT STEP Then verify that the user registration is correct
[Test worker] ERROR net.thucydides.core.steps.ConsoleLoggingListener - element click intercepted: Element <span class="checkmark signup-consent__checkbox" ng-class="{error: userForm.termOfUse.$error.required}" style=""></span> is not clickable at point (768, 596). Other element would receive the click: <iframe title="Desafío de reCAPTCHA" src="https://www.google.com/recaptcha/api2/bframe?hl=es-419&amp;v=qljbK_DTcvY1PzbR7IG69z1r&amp;k=6Lc3i14UAAAAAHVkSmSnecXg9DpfrJ1gYeuOzaCw" name="c-xqa2xtw5ujsj" frameborder="0" scrolling="no" sandbox="allow-forms allow-popups allow-same-origin allow-scripts allow-top-navigation allow-modals allow-popups-to-escape-sandbox" style="width: 400px; height: 580px;"></iframe>
]]></system-err>
</testsuite>
